Arguments: 
  C:\Program Files\nodejs\node.exe C:\Users\Zauan\AppData\Roaming\npm\node_modules\yarn\bin\yarn.js install

PATH: 
  C:\cmder\vendor\bin;C:\Python38\Scripts\;C:\Python38\;C:\WINDOWS\system32;C:\WINDOWS;C:\WINDOWS\System32\Wbem;C:\WINDOWS\System32\WindowsPowerShell\v1.0\;C:\WINDOWS\System32\OpenSSH\;C:\Program Files\nodejs\;C:\ProgramData\chocolatey\bin;C:\laragon\bin\php\php-7.2.19-Win32-VC15-x64;C:\ProgramData\ComposerSetup\bin;C:\Program Files\NVIDIA Corporation\NVIDIA NvDLISR;C:\WINDOWS\system32;C:\WINDOWS;C:\WINDOWS\System32\Wbem;C:\WINDOWS\System32\WindowsPowerShell\v1.0\;C:\WINDOWS\System32\OpenSSH\;C:\Program Files\Docker\Docker\resources\bin;C:\ProgramData\DockerDesktop\version-bin;C:\Program Files (x86)\NVIDIA Corporation\PhysX\Common;C:\Program Files\PuTTY\;D:\tools\kubectl\kubectl.exe;C:\Program Files\Git\cmd;C:\Program Files\TortoiseSVN\bin;C:\laragon\bin;C:\laragon\bin\apache\httpd-2.4.35-win64-VC15\bin;C:\laragon\bin\composer;C:\laragon\bin\git\bin;C:\laragon\bin\git\cmd;C:\laragon\bin\git\mingw64\bin;C:\laragon\bin\git\usr\bin;C:\laragon\bin\laragon\utils;C:\laragon\bin\mysql\mysql-5.7.24-winx64\bin;C:\laragon\bin\nginx\nginx-1.16.0;C:\laragon\bin\ngrok;C:\laragon\bin\nodejs\node-v12;C:\laragon\bin\php\php-7.2.19-Win32-VC15-x64;C:\laragon\bin\putty;C:\laragon\bin\redis\redis-x64-3.2.100;C:\laragon\bin\telnet;C:\laragon\usr\bin;C:\Program Files\Sublime Text 3\;C:\Users\Zauan\AppData\Local\Yarn\config\global\node_modules\.bin;C:\Users\Zauan\AppData\Roaming\Composer\vendor\bin;C:\Users\Zauan\AppData\Roaming\npm;C:\Users\Zauan\AppData\Local\Microsoft\WindowsApps;C:\Users\Zauan\AppData\Local\Programs\Microsoft VS Code\bin;C:\Users\Zauan\AppData\Local\GitHubDesktop\bin;C:\Users\Zauan\AppData\Local\hyper\app-3.0.2\resources\bin;C:\Program Files (x86)\Nmap;D:\temp\okd;C:\cmder

Yarn version: 
  1.22.4

Node version: 
  12.16.3

Platform: 
  win32 x64

Trace: 
  Error: https://registry.yarnpkg.com/@zionbuilder%2fcli-tsconfig: Not found
      at Request.params.callback [as _callback] (C:\Users\Zauan\AppData\Roaming\npm\node_modules\yarn\lib\cli.js:66987:18)
      at Request.self.callback (C:\Users\Zauan\AppData\Roaming\npm\node_modules\yarn\lib\cli.js:140748:22)
      at Request.emit (events.js:310:20)
      at Request.<anonymous> (C:\Users\Zauan\AppData\Roaming\npm\node_modules\yarn\lib\cli.js:141720:10)
      at Request.emit (events.js:310:20)
      at IncomingMessage.<anonymous> (C:\Users\Zauan\AppData\Roaming\npm\node_modules\yarn\lib\cli.js:141642:12)
      at Object.onceWrapper (events.js:416:28)
      at IncomingMessage.emit (events.js:322:22)
      at endReadableNT (_stream_readable.js:1187:12)
      at processTicksAndRejections (internal/process/task_queues.js:84:21)

npm manifest: 
  {
  	"name": "zionbuilder",
  	"author": {
  		"name": "zionbuilder.io",
  		"email": "hello@zionbuilder.io",
  		"url": "https://zionbuilder.io"
  	},
  	"version": "1.1.0",
  	"private": false,
  	"scripts": {
  		"lint": "vue-cli-service lint --no-fix src/",
  		"lint-php": "node ./scripts/lint-php",
  		"serve": "zionbuilder-cli serve",
  		"build": "zionbuilder-service build",
  		"zip": "zionbuilder-service zip",
  		"translate": "zionbuilder-service translate"
  	},
  	"dependencies": {
  		"axios": "^0.20.0",
  		"css-box-model": "^1.2.1",
  		"fitvids": "^2.1.1",
  		"lodash-es": "^4.17.15",
  		"memoize-one": "^5.1.1",
  		"popper.js": "^1.16.1",
  		"raf-schd": "^4.0.2",
  		"tinycolor2": "^1.4.1",
  		"vue": "^3.0.0",
  		"vue-date-pick": "^1.4.1",
  		"vuex": "^4.0.0-beta.4"
  	},
  	"devDependencies": {
  		"lerna": "^3.22.1",
  		"typescript": "^4.0.3",
  		"@zionbuilder/cli-tsconfig": "^1.0.1-alpha.0",
  		"@zionbuilder/cli": "^1.0.1-alpha.0"
  	}
  }

yarn manifest: 
  No manifest

Lockfile: 
  No lockfile
